<?xml version="1.0" encoding="UTF-8" ?>
<testsuite tests="5" failures="4" name="graphbase.AdjacencyMatrixStructure.GraphAlgorithmsTest" time="0.156" errors="1" skipped="0">
  <properties>
[...]
</properties>
  <testcase classname="graphbase.AdjacencyMatrixStructure.GraphAlgorithmsTest" name="testBFS" time="0">
    <failure message="The test case is a prototype." type="java.lang.AssertionError">java.lang.AssertionError: The test case is a prototype.
	at org.junit.Assert.fail(Assert.java:88)
	at graphbase.AdjacencyMatrixStructure.GraphAlgorithmsTest.testBFS(GraphAlgorithmsTest.java:53)
	at sun.reflect.NativeMethodAccessorImpl.invoke0(Native Method)
	at sun.reflect.NativeMethodAccessorImpl.invoke(NativeMethodAccessorImpl.java:62)
	at sun.reflect.DelegatingMethodAccessorImpl.invoke(DelegatingMethodAccessorImpl.java:43)
	at java.lang.reflect.Method.invoke(Method.java:498)
	at org.junit.runners.model.FrameworkMethod$1.runReflectiveCall(FrameworkMethod.java:50)
	at org.junit.internal.runners.model.ReflectiveCallable.run(ReflectiveCallable.java:12)
	at org.junit.runners.model.FrameworkMethod.invokeExplosively(FrameworkMethod.java:47)
	at org.junit.internal.runners.statements.InvokeMethod.evaluate(InvokeMethod.java:17)
	at org.junit.internal.runners.statements.RunBefores.evaluate(RunBefores.java:26)
	at org.junit.internal.runners.statements.RunAfters.evaluate(RunAfters.java:27)
	at org.junit.runners.ParentRunner.runLeaf(ParentRunner.java:325)
	at org.junit.runners.BlockJUnit4ClassRunner.runChild(BlockJUnit4ClassRunner.java:78)
	at org.junit.runners.BlockJUnit4ClassRunner.runChild(BlockJUnit4ClassRunner.java:57)
	at org.junit.runners.ParentRunner$3.run(ParentRunner.java:290)
	at org.junit.runners.ParentRunner$1.schedule(ParentRunner.java:71)
	at org.junit.runners.ParentRunner.runChildren(ParentRunner.java:288)
	at org.junit.runners.ParentRunner.access$000(ParentRunner.java:58)
	at org.junit.runners.ParentRunner$2.evaluate(ParentRunner.java:268)
	at org.junit.internal.runners.statements.RunBefores.evaluate(RunBefores.java:26)
	at org.junit.internal.runners.statements.RunAfters.evaluate(RunAfters.java:27)
	at org.junit.runners.ParentRunner.run(ParentRunner.java:363)
	at org.apache.maven.surefire.junit4.JUnit4TestSet.execute(JUnit4TestSet.java:53)
	at org.apache.maven.surefire.junit4.JUnit4Provider.executeTestSet(JUnit4Provider.java:123)
	at org.apache.maven.surefire.junit4.JUnit4Provider.invoke(JUnit4Provider.java:104)
	at sun.reflect.NativeMethodAccessorImpl.invoke0(Native Method)
	at sun.reflect.NativeMethodAccessorImpl.invoke(NativeMethodAccessorImpl.java:62)
	at sun.reflect.DelegatingMethodAccessorImpl.invoke(DelegatingMethodAccessorImpl.java:43)
	at java.lang.reflect.Method.invoke(Method.java:498)
	at org.apache.maven.surefire.util.ReflectionUtils.invokeMethodWithArray(ReflectionUtils.java:164)
	at org.apache.maven.surefire.booter.ProviderFactory$ProviderProxy.invoke(ProviderFactory.java:110)
	at org.apache.maven.surefire.booter.SurefireStarter.invokeProvider(SurefireStarter.java:175)
	at org.apache.maven.surefire.booter.SurefireStarter.runSuitesInProcessWhenForked(SurefireStarter.java:107)
	at org.apache.maven.surefire.booter.ForkedBooter.main(ForkedBooter.java:68)
</failure>
  </testcase>
  <testcase classname="graphbase.AdjacencyMatrixStructure.GraphAlgorithmsTest" name="testGraphToAdjMatrix" time="0.047">
    <error message="java.lang.Integer cannot be cast to graphbase.Edge" type="java.lang.ClassCastException">java.lang.ClassCastException: java.lang.Integer cannot be cast to graphbase.Edge
	at graphbase.AdjacencyMatrixStructure.GraphAlgorithmsTest.testGraphToAdjMatrix(GraphAlgorithmsTest.java:90)
	at sun.reflect.NativeMethodAccessorImpl.invoke0(Native Method)
	at sun.reflect.NativeMethodAccessorImpl.invoke(NativeMethodAccessorImpl.java:62)
	at sun.reflect.DelegatingMethodAccessorImpl.invoke(DelegatingMethodAccessorImpl.java:43)
	at java.lang.reflect.Method.invoke(Method.java:498)
	at org.junit.runners.model.FrameworkMethod$1.runReflectiveCall(FrameworkMethod.java:50)
	at org.junit.internal.runners.model.ReflectiveCallable.run(ReflectiveCallable.java:12)
	at org.junit.runners.model.FrameworkMethod.invokeExplosively(FrameworkMethod.java:47)
	at org.junit.internal.runners.statements.InvokeMethod.evaluate(InvokeMethod.java:17)
	at org.junit.internal.runners.statements.RunBefores.evaluate(RunBefores.java:26)
	at org.junit.internal.runners.statements.RunAfters.evaluate(RunAfters.java:27)
	at org.junit.runners.ParentRunner.runLeaf(ParentRunner.java:325)
	at org.junit.runners.BlockJUnit4ClassRunner.runChild(BlockJUnit4ClassRunner.java:78)
	at org.junit.runners.BlockJUnit4ClassRunner.runChild(BlockJUnit4ClassRunner.java:57)
	at org.junit.runners.ParentRunner$3.run(ParentRunner.java:290)
	at org.junit.runners.ParentRunner$1.schedule(ParentRunner.java:71)
	at org.junit.runners.ParentRunner.runChildren(ParentRunner.java:288)
	at org.junit.runners.ParentRunner.access$000(ParentRunner.java:58)
	at org.junit.runners.ParentRunner$2.evaluate(ParentRunner.java:268)
	at org.junit.internal.runners.statements.RunBefores.evaluate(RunBefores.java:26)
	at org.junit.internal.runners.statements.RunAfters.evaluate(RunAfters.java:27)
	at org.junit.runners.ParentRunner.run(ParentRunner.java:363)
	at org.apache.maven.surefire.junit4.JUnit4TestSet.execute(JUnit4TestSet.java:53)
	at org.apache.maven.surefire.junit4.JUnit4Provider.executeTestSet(JUnit4Provider.java:123)
	at org.apache.maven.surefire.junit4.JUnit4Provider.invoke(JUnit4Provider.java:104)
	at sun.reflect.NativeMethodAccessorImpl.invoke0(Native Method)
	at sun.reflect.NativeMethodAccessorImpl.invoke(NativeMethodAccessorImpl.java:62)
	at sun.reflect.DelegatingMethodAccessorImpl.invoke(DelegatingMethodAccessorImpl.java:43)
	at java.lang.reflect.Method.invoke(Method.java:498)
	at org.apache.maven.surefire.util.ReflectionUtils.invokeMethodWithArray(ReflectionUtils.java:164)
	at org.apache.maven.surefire.booter.ProviderFactory$ProviderProxy.invoke(ProviderFactory.java:110)
	at org.apache.maven.surefire.booter.SurefireStarter.invokeProvider(SurefireStarter.java:175)
	at org.apache.maven.surefire.booter.SurefireStarter.runSuitesInProcessWhenForked(SurefireStarter.java:107)
	at org.apache.maven.surefire.booter.ForkedBooter.main(ForkedBooter.java:68)
</error>
    <system-out>graphToAdjMatrix
Vertices:
País: argentina
Continente: americasul
Populacao: 41.67
Capital: buenosaires
Latitude: -34.61
Longitude: -58.38
Cor: 0

País: bolivia
Continente: americasul
Populacao: 9.70
Capital: lapaz
Latitude: -16.50
Longitude: -68.15
Cor: 0

País: brasil
Continente: americasul
Populacao: 206.12
Capital: brasilia
Latitude: -15.78
Longitude: -47.93
Cor: 0

País: chile
Continente: americasul
Populacao: 16.80
Capital: santiago
Latitude: -33.46
Longitude: -70.65
Cor: 0

País: colombia
Continente: americasul
Populacao: 46.86
Capital: bogota
Latitude: 4.61
Longitude: -74.08
Cor: 0

País: equador
Continente: americasul
Populacao: 14.88
Capital: quito
Latitude: -0.23
Longitude: -78.52
Cor: 0

País: guiana
Continente: americasul
Populacao: 0.07
Capital: georgetwon
Latitude: 6.80
Longitude: -58.16
Cor: 0

País: guianafrancesa
Continente: americasul
Populacao: 2.88
Capital: caiena
Latitude: 4.93
Longitude: -52.33
Cor: 0

País: paraguai
Continente: americasul
Populacao: 6.24
Capital: assuncao
Latitude: -25.30
Longitude: -57.64
Cor: 0

País: peru
Continente: americasul
Populacao: 28.22
Capital: lima
Latitude: -12.04
Longitude: -77.03
Cor: 0

País: suriname
Continente: americasul
Populacao: 0.04
Capital: paramaribo
Latitude: 5.87
Longitude: -55.17
Cor: 0

País: venezuela
Continente: americasul
Populacao: 31.02
Capital: caracas
Latitude: 10.49
Longitude: -66.88
Cor: 0

País: uruguai
Continente: americasul
Populacao: 3.35
Capital: montevideu
Latitude: -34.90
Longitude: -56.19
Cor: 0

País: albania
Continente: europa
Populacao: 2.88
Capital: tirana
Latitude: 41.33
Longitude: 19.83
Cor: 0

País: alemanha
Continente: europa
Populacao: 82.80
Capital: berlim
Latitude: 52.52
Longitude: 13.41
Cor: 0

País: armenia
Continente: europa
Populacao: 3.01
Capital: erevan
Latitude: 40.18
Longitude: 44.51
Cor: 0

País: austria
Continente: europa
Populacao: 8.77
Capital: viena
Latitude: 48.21
Longitude: 16.37
Cor: 0

País: belgica
Continente: europa
Populacao: 11.37
Capital: bruxelas
Latitude: 50.85
Longitude: 4.35
Cor: 0

País: bielorussia
Continente: europa
Populacao: 9.48
Capital: minsk
Latitude: 53.91
Longitude: 27.56
Cor: 0

País: bosnia
Continente: europa
Populacao: 3.75
Capital: sarajevo
Latitude: 43.86
Longitude: 18.41
Cor: 0

País: bulgaria
Continente: europa
Populacao: 7.10
Capital: sofia
Latitude: 42.70
Longitude: 23.32
Cor: 0

País: chipre
Continente: europa
Populacao: 0.85
Capital: nicosia
Latitude: 35.17
Longitude: 33.37
Cor: 0

País: croacia
Continente: europa
Populacao: 4.15
Capital: zagreb
Latitude: 45.82
Longitude: 15.98
Cor: 0

País: dinamarca
Continente: europa
Populacao: 5.75
Capital: copenhaga
Latitude: 55.68
Longitude: 12.57
Cor: 0

País: eslovaquia
Continente: europa
Populacao: 5.44
Capital: bratislava
Latitude: 48.15
Longitude: 17.11
Cor: 0

País: eslovenia
Continente: europa
Populacao: 2.06
Capital: liubliana
Latitude: 46.05
Longitude: 14.51
Cor: 0

País: espanha
Continente: europa
Populacao: 46.53
Capital: madrid
Latitude: 40.42
Longitude: -3.70
Cor: 0

País: estonia
Continente: europa
Populacao: 1.32
Capital: tallinn
Latitude: 59.44
Longitude: 24.75
Cor: 0

País: finlandia
Continente: europa
Populacao: 5.50
Capital: helsinque
Latitude: 60.17
Longitude: 24.94
Cor: 0

País: franca
Continente: europa
Populacao: 66.99
Capital: paris
Latitude: 48.86
Longitude: 2.35
Cor: 0

País: georgia
Continente: europa
Populacao: 3.71
Capital: tbilisi
Latitude: 41.71
Longitude: 44.79
Cor: 0

País: grecia
Continente: europa
Populacao: 10.76
Capital: atenas
Latitude: 37.98
Longitude: 23.72
Cor: 0

País: holanda
Continente: europa
Populacao: 17.08
Capital: amsterdam
Latitude: 52.37
Longitude: 4.89
Cor: 0

País: hungria
Continente: europa
Populacao: 9.80
Capital: budapeste
Latitude: 47.50
Longitude: 19.04
Cor: 0

País: irlanda
Continente: europa
Populacao: 4.77
Capital: dublin
Latitude: 53.34
Longitude: -6.27
Cor: 0

País: islandia
Continente: europa
Populacao: 0.34
Capital: reiquiavique
Latitude: 64.14
Longitude: -21.90
Cor: 0

País: italia
Continente: europa
Populacao: 60.59
Capital: roma
Latitude: 41.90
Longitude: 12.48
Cor: 0

País: kosovo
Continente: europa
Populacao: 1.77
Capital: pristina
Latitude: 42.67
Longitude: 21.16
Cor: 0

País: liechtenstein
Continente: europa
Populacao: 0.04
Capital: vaduz
Latitude: 47.14
Longitude: 9.52
Cor: 0

País: lituania
Continente: europa
Populacao: 2.85
Capital: vilnius
Latitude: 54.69
Longitude: 25.28
Cor: 0

País: letonia
Continente: europa
Populacao: 1.98
Capital: riga
Latitude: 56.95
Longitude: 24.10
Cor: 0

País: luxemburgo
Continente: europa
Populacao: 0.59
Capital: luxemburgo
Latitude: 49.82
Longitude: 6.13
Cor: 0

País: macedonia
Continente: europa
Populacao: 2.07
Capital: escopia
Latitude: 42.00
Longitude: 21.43
Cor: 0

País: malta
Continente: europa
Populacao: 0.44
Capital: valletta
Latitude: 35.90
Longitude: 14.52
Cor: 0

País: moldavia
Continente: europa
Populacao: 3.55
Capital: chisinau
Latitude: 47.03
Longitude: 28.84
Cor: 0

País: monaco
Continente: europa
Populacao: 0.04
Capital: monaco
Latitude: 43.75
Longitude: 7.41
Cor: 0

País: montenegro
Continente: europa
Populacao: 0.62
Capital: podgorica
Latitude: 42.44
Longitude: 19.27
Cor: 0

País: noruega
Continente: europa
Populacao: 5.26
Capital: oslo
Latitude: 59.91
Longitude: 10.74
Cor: 0

País: polonia
Continente: europa
Populacao: 38.42
Capital: varsovia
Latitude: 52.23
Longitude: 21.01
Cor: 0

País: portugal
Continente: europa
Populacao: 10.31
Capital: lisboa
Latitude: 38.71
Longitude: -9.14
Cor: 0

País: reinounido
Continente: europa
Populacao: 65.81
Capital: londres
Latitude: 51.50
Longitude: -0.13
Cor: 0

País: republicacheca
Continente: europa
Populacao: 10.57
Capital: praga
Latitude: 50.09
Longitude: 14.42
Cor: 0

País: romenia
Continente: europa
Populacao: 19.64
Capital: bucareste
Latitude: 44.43
Longitude: 26.12
Cor: 0

País: russia
Continente: europa
Populacao: 146.50
Capital: moscovo
Latitude: 55.76
Longitude: 37.62
Cor: 0

País: servia
Continente: europa
Populacao: 7.04
Capital: belgrado
Latitude: 44.80
Longitude: 20.47
Cor: 0

País: suecia
Continente: europa
Populacao: 10.00
Capital: estocolmo
Latitude: 59.33
Longitude: 18.06
Cor: 0

País: suica
Continente: europa
Populacao: 8.42
Capital: berna
Latitude: 46.95
Longitude: 7.45
Cor: 0

País: turquia
Continente: europa
Populacao: 79.81
Capital: ancara
Latitude: 39.92
Longitude: 32.85
Cor: 0

País: ucrania
Continente: europa
Populacao: 42.59
Capital: kiev
Latitude: 50.44
Longitude: 30.53
Cor: 0


Matrix:
   |  0  |  1  |  2  |  3  |  4  |  5  |  6  |  7  |  8  |  9  |  10  |  11  |  12  |  13  |  14  |  15  |  16  |  17  |  18  |  19  |  20  |  21  |  22  |  23  |  24  |  25  |  26  |  27  |  28  |  29  |  30  |  31  |  32  |  33  |  34  |  35  |  36  |  37  |  38  |  39  |  40  |  41  |  42  |  43  |  44  |  45  |  46  |  47  |  48  |  49  |  50  |  51  |  52  |  53  |  54  |  55  |  56  |  57  |  58 
 0 |     |  X  |  X  |  X  |     |     |     |     |  X  |     |     |     |  X  |     |     |     |     |     |     |     |     |     |     |     |     |     |     |     |     |     |     |     |     |     |     |     |     |     |     |     |     |     |     |     |     |     |     |     |     |     |     |     |     |     |     |     |     |     |     
 1 |  X  |     |  X  |  X  |     |     |     |     |  X  |  X  |     |     |     |     |     |     |     |     |     |     |     |     |     |     |     |     |     |     |     |     |     |     |     |     |     |     |     |     |     |     |     |     |     |     |     |     |     |     |     |     |     |     |     |     |     |     |     |     |     
 2 |  X  |  X  |     |     |  X  |     |  X  |  X  |  X  |  X  |  X  |  X  |  X  |     |     |     |     |     |     |     |     |     |     |     |     |     |     |     |     |     |     |     |     |     |     |     |     |     |     |     |     |     |     |     |     |     |     |     |     |     |     |     |     |     |     |     |     |     |     
 3 |  X  |  X  |     |     |     |     |     |     |     |  X  |     |     |     |     |     |     |     |     |     |     |     |     |     |     |     |     |     |     |     |     |     |     |     |     |     |     |     |     |     |     |     |     |     |     |     |     |     |     |     |     |     |     |     |     |     |     |     |     |     
 4 |     |     |  X  |     |     |  X  |     |     |     |  X  |     |  X  |     |     |     |     |     |     |     |     |     |     |     |     |     |     |     |     |     |     |     |     |     |     |     |     |     |     |     |     |     |     |     |     |     |     |     |     |     |     |     |     |     |     |     |     |     |     |     
 5 |     |     |     |     |  X  |     |     |     |     |  X  |     |     |     |     |     |     |     |     |     |     |     |     |     |     |     |     |     |     |     |     |     |     |     |     |     |     |     |     |     |     |     |     |     |     |     |     |     |     |     |     |     |     |     |     |     |     |     |     |     
 6 |     |     |  X  |     |     |     |     |     |     |     |  X  |  X  |     |     |     |     |     |     |     |     |     |     |     |     |     |     |     |     |     |     |     |     |     |     |     |     |     |     |     |     |     |     |     |     |     |     |     |     |     |     |     |     |     |     |     |     |     |     |     
 7 |     |     |  X  |     |     |     |     |     |     |     |  X  |     |     |     |     |     |     |     |     |     |     |     |     |     |     |     |     |     |     |     |     |     |     |     |     |     |     |     |     |     |     |     |     |     |     |     |     |     |     |     |     |     |     |     |     |     |     |     |     
 8 |  X  |  X  |  X  |     |     |     |     |     |     |     |     |     |     |     |     |     |     |     |     |     |     |     |     |     |     |     |     |     |     |     |     |     |     |     |     |     |     |     |     |     |     |     |     |     |     |     |     |     |     |     |     |     |     |     |     |     |     |     |     
 9 |     |  X  |  X  |  X  |  X  |  X  |     |     |     |     |     |     |     |     |     |     |     |     |     |     |     |     |     |     |     |     |     |     |     |     |     |     |     |     |     |     |     |     |     |     |     |     |     |     |     |     |     |     |     |     |     |     |     |     |     |     |     |     |     
 10 |     |     |  X  |     |     |     |  X  |  X  |     |     |     |     |     |     |     |     |     |     |     |     |     |     |     |     |     |     |     |     |     |     |     |     |     |     |     |     |     |     |     |     |     |     |     |     |     |     |     |     |     |     |     |     |     |     |     |     |     |     |     
 11 |     |     |  X  |     |  X  |     |  X  |     |     |     |     |     |     |     |     |     |     |     |     |     |     |     |     |     |     |     |     |     |     |     |     |     |     |     |     |     |     |     |     |     |     |     |     |     |     |     |     |     |     |     |     |     |     |     |     |     |     |     |     
 12 |  X  |     |  X  |     |     |     |     |     |     |     |     |     |     |     |     |     |     |     |     |     |     |     |     |     |     |     |     |     |     |     |     |     |     |     |     |     |     |     |     |     |     |     |     |     |     |     |     |     |     |     |     |     |     |     |     |     |     |     |     
 13 |     |     |     |     |     |     |     |     |     |     |     |     |     |     |     |     |     |     |     |     |     |     |     |     |     |     |     |     |     |     |     |  X  |     |     |     |     |     |  X  |     |     |     |     |  X  |     |     |     |  X  |     |     |     |     |     |     |     |     |     |     |     |     
 14 |     |     |     |     |     |     |     |     |     |     |     |     |     |     |     |     |  X  |  X  |     |     |     |     |     |  X  |     |     |     |     |     |  X  |     |     |  X  |     |     |     |     |     |     |     |     |  X  |     |     |     |     |     |     |  X  |     |     |  X  |     |     |     |     |  X  |     |     
 15 |     |     |     |     |     |     |     |     |     |     |     |     |     |     |     |     |     |     |     |     |     |     |     |     |     |     |     |     |     |     |  X  |     |     |     |     |     |     |     |     |     |     |     |     |     |     |     |     |     |     |     |     |     |     |     |     |     |     |  X  |     
 16 |     |     |     |     |     |     |     |     |     |     |     |     |     |     |  X  |     |     |     |     |     |     |     |     |     |  X  |  X  |     |     |     |     |     |     |     |  X  |     |     |  X  |     |  X  |     |     |     |     |     |     |     |     |     |     |     |     |  X  |     |     |     |     |  X  |     |     
 17 |     |     |     |     |     |     |     |     |     |     |     |     |     |     |  X  |     |     |     |     |     |     |     |     |     |     |     |     |     |     |  X  |     |     |  X  |     |     |     |     |     |     |     |     |  X  |     |     |     |     |     |     |     |     |     |     |     |     |     |     |     |     |     
 18 |     |     |     |     |     |     |     |     |     |     |     |     |     |     |     |     |     |     |     |     |     |     |     |     |     |     |     |     |     |     |     |     |     |     |     |     |     |     |     |  X  |  X  |     |     |     |     |     |     |     |  X  |     |     |     |     |  X  |     |     |     |     |  X  
 19 |     |     |     |     |     |     |     |     |     |     |     |     |     |     |     |     |     |     |     |     |     |     |  X  |     |     |     |     |     |     |     |     |     |     |     |     |     |     |     |     |     |     |     |     |     |     |     |  X  |     |     |     |     |     |     |     |  X  |     |     |     |     
 20 |     |     |     |     |     |     |     |     |     |     |     |     |     |     |     |     |     |     |     |     |     |     |     |     |     |     |     |     |     |     |     |  X  |     |     |     |     |     |     |     |     |     |     |  X  |     |     |     |     |     |     |     |     |     |  X  |     |  X  |     |     |  X  |     
 21 |     |     |     |     |     |     |     |     |     |     |     |     |     |     |     |     |     |     |     |     |     |     |     |     |     |     |     |     |     |     |     |     |     |     |     |     |     |     |     |     |     |     |     |     |     |     |     |     |     |     |     |     |     |     |     |     |     |     |     
 22 |     |     |     |     |     |     |     |     |     |     |     |     |     |     |     |     |     |     |     |  X  |     |     |     |     |     |  X  |     |     |     |     |     |     |     |  X  |     |     |     |     |     |     |     |     |     |     |     |     |  X  |     |     |     |     |     |     |     |  X  |     |     |     |     
 23 |     |     |     |     |     |     |     |     |     |     |     |     |     |     |  X  |     |     |     |     |     |     |     |     |     |     |     |     |     |     |     |     |     |     |     |     |     |     |     |     |     |     |     |     |     |     |     |     |     |     |     |     |     |     |     |     |     |     |     |     
 24 |     |     |     |     |     |     |     |     |     |     |     |     |     |     |     |     |  X  |     |     |     |     |     |     |     |     |     |     |     |     |     |     |     |     |  X  |     |     |     |     |     |     |     |     |     |     |     |     |     |     |  X  |     |     |  X  |     |     |     |     |     |     |  X  
 25 |     |     |     |     |     |     |     |     |     |     |     |     |     |     |     |     |  X  |     |     |     |     |     |  X  |     |     |     |     |     |     |     |     |     |     |  X  |     |     |  X  |     |     |     |     |     |     |     |     |     |     |     |     |     |     |     |     |     |     |     |     |     |     
 26 |     |     |     |     |     |     |     |     |     |     |     |     |     |     |     |     |     |     |     |     |     |     |     |     |     |     |     |     |     |  X  |     |     |     |     |     |     |     |     |     |     |     |     |     |     |     |     |     |     |     |  X  |     |     |     |     |     |     |     |     |     
 27 |     |     |     |     |     |     |     |     |     |     |     |     |     |     |     |     |     |     |     |     |     |     |     |     |     |     |     |     |     |     |     |     |     |     |     |     |     |     |     |     |  X  |     |     |     |     |     |     |     |     |     |     |     |     |  X  |     |     |     |     |     
 28 |     |     |     |     |     |     |     |     |     |     |     |     |     |     |     |     |     |     |     |     |     |     |     |     |     |     |     |     |     |     |     |     |     |     |     |     |     |     |     |     |     |     |     |     |     |     |     |  X  |     |     |     |     |     |  X  |     |  X  |     |     |     
 29 |     |     |     |     |     |     |     |     |     |     |     |     |     |     |  X  |     |     |  X  |     |     |     |     |     |     |     |     |  X  |     |     |     |     |     |     |     |     |     |  X  |     |     |     |     |  X  |     |     |     |  X  |     |     |     |     |     |     |     |     |     |     |  X  |     |     
 30 |     |     |     |     |     |     |     |     |     |     |     |     |     |     |     |  X  |     |     |     |     |     |     |     |     |     |     |     |     |     |     |     |     |     |     |     |     |     |     |     |     |     |     |     |     |     |     |     |     |     |     |     |     |     |  X  |     |     |     |  X  |     
 31 |     |     |     |     |     |     |     |     |     |     |     |     |     |  X  |     |     |     |     |     |     |  X  |     |     |     |     |     |     |     |     |     |     |     |     |     |     |     |     |     |     |     |     |     |  X  |     |     |     |     |     |     |     |     |     |     |     |     |     |     |  X  |     
 32 |     |     |     |     |     |     |     |     |     |     |     |     |     |     |  X  |     |     |  X  |     |     |     |     |     |     |     |     |     |     |     |     |     |     |     |     |     |     |     |     |     |     |     |     |     |     |     |     |     |     |     |     |     |     |     |     |     |     |     |     |     
 33 |     |     |     |     |     |     |     |     |     |     |     |     |     |     |     |     |  X  |     |     |     |     |     |  X  |     |  X  |  X  |     |     |     |     |     |     |     |     |     |     |     |     |     |     |     |     |     |     |     |     |     |     |     |     |     |     |  X  |     |  X  |     |     |     |  X  
 34 |     |     |     |     |     |     |     |     |     |     |     |     |     |     |     |     |     |     |     |     |     |     |     |     |     |     |     |     |     |     |     |     |     |     |     |     |     |     |     |     |     |     |     |     |     |     |     |     |     |     |  X  |     |     |     |     |     |     |     |     
 35 |     |     |     |     |     |     |     |     |     |     |     |     |     |     |     |     |     |     |     |     |     |     |     |     |     |     |     |     |     |     |     |     |     |     |     |     |     |     |     |     |     |     |     |     |     |     |     |     |     |     |     |     |     |     |     |     |     |     |     
 36 |     |     |     |     |     |     |     |     |     |     |     |     |     |     |     |     |  X  |     |     |     |     |     |     |     |     |  X  |     |     |     |  X  |     |     |     |     |     |     |     |     |     |     |     |     |     |     |     |     |     |     |     |     |     |     |     |     |     |     |  X  |     |     
 37 |     |     |     |     |     |     |     |     |     |     |     |     |     |  X  |     |     |     |     |     |     |     |     |     |     |     |     |     |     |     |     |     |     |     |     |     |     |     |     |     |     |     |     |  X  |     |     |     |  X  |     |     |     |     |     |     |     |  X  |     |     |     |     
 38 |     |     |     |     |     |     |     |     |     |     |     |     |     |     |     |     |  X  |     |     |     |     |     |     |     |     |     |     |     |     |     |     |     |     |     |     |     |     |     |     |     |     |     |     |     |     |     |     |     |     |     |     |     |     |     |     |     |  X  |     |     
 39 |     |     |     |     |     |     |     |     |     |     |     |     |     |     |     |     |     |     |  X  |     |     |     |     |     |     |     |     |     |     |     |     |     |     |     |     |     |     |     |     |     |  X  |     |     |     |     |     |     |     |  X  |     |     |     |     |  X  |     |     |     |     |     
 40 |     |     |     |     |     |     |     |     |     |     |     |     |     |     |     |     |     |     |  X  |     |     |     |     |     |     |     |     |  X  |     |     |     |     |     |     |     |     |     |     |     |  X  |     |     |     |     |     |     |     |     |     |     |     |     |     |  X  |     |     |     |     |     
 41 |     |     |     |     |     |     |     |     |     |     |     |     |     |     |  X  |     |     |  X  |     |     |     |     |     |     |     |     |     |     |     |  X  |     |     |     |     |     |     |     |     |     |     |     |     |     |     |     |     |     |     |     |     |     |     |     |     |     |     |     |     |     
 42 |     |     |     |     |     |     |     |     |     |     |     |     |     |  X  |     |     |     |     |     |     |  X  |     |     |     |     |     |     |     |     |     |     |  X  |     |     |     |     |     |  X  |     |     |     |     |     |     |     |     |     |     |     |     |     |     |     |     |  X  |     |     |     |     
 43 |     |     |     |     |     |     |     |     |     |     |     |     |     |     |     |     |     |     |     |     |     |     |     |     |     |     |     |     |     |     |     |     |     |     |     |     |     |     |     |     |     |     |     |     |     |     |     |     |     |     |     |     |     |     |     |     |     |     |     
 44 |     |     |     |     |     |     |     |     |     |     |     |     |     |     |     |     |     |     |     |     |     |     |     |     |     |     |     |     |     |     |     |     |     |     |     |     |     |     |     |     |     |     |     |     |     |     |     |     |     |     |     |     |  X  |     |     |     |     |     |  X  
 45 |     |     |     |     |     |     |     |     |     |     |     |     |     |     |     |     |     |     |     |     |     |     |     |     |     |     |     |     |     |  X  |     |     |     |     |     |     |     |     |     |     |     |     |     |     |     |     |     |     |     |     |     |     |     |     |     |     |     |     |     
 46 |     |     |     |     |     |     |     |     |     |     |     |     |     |  X  |     |     |     |     |     |  X  |     |     |  X  |     |     |     |     |     |     |     |     |     |     |     |     |     |     |  X  |     |     |     |     |     |     |     |     |     |     |     |     |     |     |     |     |  X  |     |     |     |     
 47 |     |     |     |     |     |     |     |     |     |     |     |     |     |     |     |     |     |     |     |     |     |     |     |     |     |     |     |     |  X  |     |     |     |     |     |     |     |     |     |     |     |     |     |     |     |     |     |     |     |     |     |     |     |     |  X  |     |  X  |     |     |     
 48 |     |     |     |     |     |     |     |     |     |     |     |     |     |     |  X  |     |     |     |  X  |     |     |     |     |     |  X  |     |     |     |     |     |     |     |     |     |     |     |     |     |     |  X  |     |     |     |     |     |     |     |     |     |     |     |  X  |     |     |     |     |     |     |  X  
 49 |     |     |     |     |     |     |     |     |     |     |     |     |     |     |     |     |     |     |     |     |     |     |     |     |     |     |  X  |     |     |     |     |     |     |     |     |     |     |     |     |     |     |     |     |     |     |     |     |     |     |     |     |     |     |     |     |     |     |     |     
 50 |     |     |     |     |     |     |     |     |     |     |     |     |     |     |     |     |     |     |     |     |     |     |     |     |     |     |     |     |     |     |     |     |     |     |  X  |     |     |     |     |     |     |     |     |     |     |     |     |     |     |     |     |     |     |     |     |     |     |     |     
 51 |     |     |     |     |     |     |     |     |     |     |     |     |     |     |  X  |     |  X  |     |     |     |     |     |     |     |  X  |     |     |     |     |     |     |     |     |     |     |     |     |     |     |     |     |     |     |     |     |     |     |     |  X  |     |     |     |     |     |     |     |     |     |     
 52 |     |     |     |     |     |     |     |     |     |     |     |     |     |     |     |     |     |     |     |     |  X  |     |     |     |     |     |     |     |     |     |     |     |     |  X  |     |     |     |     |     |     |     |     |     |     |  X  |     |     |     |     |     |     |     |     |     |  X  |     |     |     |  X  
 53 |     |     |     |     |     |     |     |     |     |     |     |     |     |     |     |     |     |     |  X  |     |     |     |     |     |     |     |     |  X  |  X  |     |  X  |     |     |     |     |     |     |     |     |  X  |  X  |     |     |     |     |     |     |  X  |     |     |     |     |     |     |     |     |     |     |  X  
 54 |     |     |     |     |     |     |     |     |     |     |     |     |     |     |     |     |     |     |     |  X  |  X  |     |  X  |     |     |     |     |     |     |     |     |     |     |  X  |     |     |     |  X  |     |     |     |     |  X  |     |     |     |  X  |     |     |     |     |     |  X  |     |     |     |     |     |     
 55 |     |     |     |     |     |     |     |     |     |     |     |     |     |     |     |     |     |     |     |     |     |     |     |     |     |     |     |     |  X  |     |     |     |     |     |     |     |     |     |     |     |     |     |     |     |     |     |     |  X  |     |     |     |     |     |     |     |     |     |     |     
 56 |     |     |     |     |     |     |     |     |     |     |     |     |     |     |  X  |     |  X  |     |     |     |     |     |     |     |     |     |     |     |     |  X  |     |     |     |     |     |     |  X  |     |  X  |     |     |     |     |     |     |     |     |     |     |     |     |     |     |     |     |     |     |     |     
 57 |     |     |     |     |     |     |     |     |     |     |     |     |     |     |     |  X  |     |     |     |     |  X  |     |     |     |     |     |     |     |     |     |  X  |  X  |     |     |     |     |     |     |     |     |     |     |     |     |     |     |     |     |     |     |     |     |     |     |     |     |     |     |     
 58 |     |     |     |     |     |     |     |     |     |     |     |     |     |     |     |     |     |     |  X  |     |     |     |     |     |  X  |     |     |     |     |     |     |     |     |  X  |     |     |     |     |     |     |     |     |     |     |  X  |     |     |     |  X  |     |     |     |  X  |  X  |     |     |     |     |     

Edges:
From 0 to 1-&gt; 0
From 0 to 2-&gt; 0
From 0 to 3-&gt; 0
From 0 to 8-&gt; 0
From 0 to 12-&gt; 0
From 1 to 0-&gt; 0
From 1 to 2-&gt; 0
From 1 to 3-&gt; 0
From 1 to 8-&gt; 0
From 1 to 9-&gt; 0
From 2 to 0-&gt; 0
From 2 to 1-&gt; 0
From 2 to 4-&gt; 0
From 2 to 6-&gt; 0
From 2 to 7-&gt; 0
From 2 to 8-&gt; 0
From 2 to 9-&gt; 0
From 2 to 10-&gt; 0
From 2 to 11-&gt; 0
From 2 to 12-&gt; 0
From 3 to 0-&gt; 0
From 3 to 1-&gt; 0
From 3 to 9-&gt; 0
From 4 to 2-&gt; 0
From 4 to 5-&gt; 0
From 4 to 9-&gt; 0
From 4 to 11-&gt; 0
From 5 to 4-&gt; 0
From 5 to 9-&gt; 0
From 6 to 2-&gt; 0
From 6 to 10-&gt; 0
From 6 to 11-&gt; 0
From 7 to 2-&gt; 0
From 7 to 10-&gt; 0
From 8 to 0-&gt; 0
From 8 to 1-&gt; 0
From 8 to 2-&gt; 0
From 9 to 1-&gt; 0
From 9 to 2-&gt; 0
From 9 to 3-&gt; 0
From 9 to 4-&gt; 0
From 9 to 5-&gt; 0
From 10 to 2-&gt; 0
From 10 to 6-&gt; 0
From 10 to 7-&gt; 0
From 11 to 2-&gt; 0
From 11 to 4-&gt; 0
From 11 to 6-&gt; 0
From 12 to 0-&gt; 0
From 12 to 2-&gt; 0
From 13 to 31-&gt; 0
From 13 to 37-&gt; 0
From 13 to 42-&gt; 0
From 13 to 46-&gt; 0
From 14 to 16-&gt; 0
From 14 to 17-&gt; 0
From 14 to 23-&gt; 0
From 14 to 29-&gt; 0
From 14 to 32-&gt; 0
From 14 to 41-&gt; 0
From 14 to 48-&gt; 0
From 14 to 51-&gt; 0
From 14 to 56-&gt; 0
From 15 to 30-&gt; 0
From 15 to 57-&gt; 0
From 16 to 14-&gt; 0
From 16 to 24-&gt; 0
From 16 to 25-&gt; 0
From 16 to 33-&gt; 0
From 16 to 36-&gt; 0
From 16 to 38-&gt; 0
From 16 to 51-&gt; 0
From 16 to 56-&gt; 0
From 17 to 14-&gt; 0
From 17 to 29-&gt; 0
From 17 to 32-&gt; 0
From 17 to 41-&gt; 0
From 18 to 39-&gt; 0
From 18 to 40-&gt; 0
From 18 to 48-&gt; 0
From 18 to 53-&gt; 0
From 18 to 58-&gt; 0
From 19 to 22-&gt; 0
From 19 to 46-&gt; 0
From 19 to 54-&gt; 0
From 20 to 31-&gt; 0
From 20 to 42-&gt; 0
From 20 to 52-&gt; 0
From 20 to 54-&gt; 0
From 20 to 57-&gt; 0
From 22 to 19-&gt; 0
From 22 to 25-&gt; 0
From 22 to 33-&gt; 0
From 22 to 46-&gt; 0
From 22 to 54-&gt; 0
From 23 to 14-&gt; 0
From 24 to 16-&gt; 0
From 24 to 33-&gt; 0
From 24 to 48-&gt; 0
From 24 to 51-&gt; 0
From 24 to 58-&gt; 0
From 25 to 16-&gt; 0
From 25 to 22-&gt; 0
From 25 to 33-&gt; 0
From 25 to 36-&gt; 0
From 26 to 29-&gt; 0
From 26 to 49-&gt; 0
From 27 to 40-&gt; 0
From 27 to 53-&gt; 0
From 28 to 47-&gt; 0
From 28 to 53-&gt; 0
From 28 to 55-&gt; 0
From 29 to 14-&gt; 0
From 29 to 17-&gt; 0
From 29 to 26-&gt; 0
From 29 to 36-&gt; 0
From 29 to 41-&gt; 0
From 29 to 45-&gt; 0
From 29 to 56-&gt; 0
From 30 to 15-&gt; 0
From 30 to 53-&gt; 0
From 30 to 57-&gt; 0
From 31 to 13-&gt; 0
From 31 to 20-&gt; 0
From 31 to 42-&gt; 0
From 31 to 57-&gt; 0
From 32 to 14-&gt; 0
From 32 to 17-&gt; 0
From 33 to 16-&gt; 0
From 33 to 22-&gt; 0
From 33 to 24-&gt; 0
From 33 to 25-&gt; 0
From 33 to 52-&gt; 0
From 33 to 54-&gt; 0
From 33 to 58-&gt; 0
From 34 to 50-&gt; 0
From 36 to 16-&gt; 0
From 36 to 25-&gt; 0
From 36 to 29-&gt; 0
From 36 to 56-&gt; 0
From 37 to 13-&gt; 0
From 37 to 42-&gt; 0
From 37 to 46-&gt; 0
From 37 to 54-&gt; 0
From 38 to 16-&gt; 0
From 38 to 56-&gt; 0
From 39 to 18-&gt; 0
From 39 to 40-&gt; 0
From 39 to 48-&gt; 0
From 39 to 53-&gt; 0
From 40 to 18-&gt; 0
From 40 to 27-&gt; 0
From 40 to 39-&gt; 0
From 40 to 53-&gt; 0
From 41 to 14-&gt; 0
From 41 to 17-&gt; 0
From 41 to 29-&gt; 0
From 42 to 13-&gt; 0
From 42 to 20-&gt; 0
From 42 to 31-&gt; 0
From 42 to 37-&gt; 0
From 42 to 54-&gt; 0
From 44 to 52-&gt; 0
From 44 to 58-&gt; 0
From 45 to 29-&gt; 0
From 46 to 13-&gt; 0
From 46 to 19-&gt; 0
From 46 to 22-&gt; 0
From 46 to 37-&gt; 0
From 46 to 54-&gt; 0
From 47 to 28-&gt; 0
From 47 to 53-&gt; 0
From 47 to 55-&gt; 0
From 48 to 14-&gt; 0
From 48 to 18-&gt; 0
From 48 to 24-&gt; 0
From 48 to 39-&gt; 0
From 48 to 51-&gt; 0
From 48 to 58-&gt; 0
From 49 to 26-&gt; 0
From 50 to 34-&gt; 0
From 51 to 14-&gt; 0
From 51 to 16-&gt; 0
From 51 to 24-&gt; 0
From 51 to 48-&gt; 0
From 52 to 20-&gt; 0
From 52 to 33-&gt; 0
From 52 to 44-&gt; 0
From 52 to 54-&gt; 0
From 52 to 58-&gt; 0
From 53 to 18-&gt; 0
From 53 to 27-&gt; 0
From 53 to 28-&gt; 0
From 53 to 30-&gt; 0
From 53 to 39-&gt; 0
From 53 to 40-&gt; 0
From 53 to 47-&gt; 0
From 53 to 58-&gt; 0
From 54 to 19-&gt; 0
From 54 to 20-&gt; 0
From 54 to 22-&gt; 0
From 54 to 33-&gt; 0
From 54 to 37-&gt; 0
From 54 to 42-&gt; 0
From 54 to 46-&gt; 0
From 54 to 52-&gt; 0
From 55 to 28-&gt; 0
From 55 to 47-&gt; 0
From 56 to 14-&gt; 0
From 56 to 16-&gt; 0
From 56 to 29-&gt; 0
From 56 to 36-&gt; 0
From 56 to 38-&gt; 0
From 57 to 15-&gt; 0
From 57 to 20-&gt; 0
From 57 to 30-&gt; 0
From 57 to 31-&gt; 0
From 58 to 18-&gt; 0
From 58 to 24-&gt; 0
From 58 to 33-&gt; 0
From 58 to 44-&gt; 0
From 58 to 48-&gt; 0
From 58 to 52-&gt; 0
From 58 to 53-&gt; 0


</system-out>
  </testcase>
  <testcase classname="graphbase.AdjacencyMatrixStructure.GraphAlgorithmsTest" name="testDFS_AdjacencyMatrixGraph_GenericType" time="0">
    <failure message="The test case is a prototype." type="java.lang.AssertionError">java.lang.AssertionError: The test case is a prototype.
	at org.junit.Assert.fail(Assert.java:88)
	at graphbase.AdjacencyMatrixStructure.GraphAlgorithmsTest.testDFS_AdjacencyMatrixGraph_GenericType(GraphAlgorithmsTest.java:61)
	at sun.reflect.NativeMethodAccessorImpl.invoke0(Native Method)
	at sun.reflect.NativeMethodAccessorImpl.invoke(NativeMethodAccessorImpl.java:62)
	at sun.reflect.DelegatingMethodAccessorImpl.invoke(DelegatingMethodAccessorImpl.java:43)
	at java.lang.reflect.Method.invoke(Method.java:498)
	at org.junit.runners.model.FrameworkMethod$1.runReflectiveCall(FrameworkMethod.java:50)
	at org.junit.internal.runners.model.ReflectiveCallable.run(ReflectiveCallable.java:12)
	at org.junit.runners.model.FrameworkMethod.invokeExplosively(FrameworkMethod.java:47)
	at org.junit.internal.runners.statements.InvokeMethod.evaluate(InvokeMethod.java:17)
	at org.junit.internal.runners.statements.RunBefores.evaluate(RunBefores.java:26)
	at org.junit.internal.runners.statements.RunAfters.evaluate(RunAfters.java:27)
	at org.junit.runners.ParentRunner.runLeaf(ParentRunner.java:325)
	at org.junit.runners.BlockJUnit4ClassRunner.runChild(BlockJUnit4ClassRunner.java:78)
	at org.junit.runners.BlockJUnit4ClassRunner.runChild(BlockJUnit4ClassRunner.java:57)
	at org.junit.runners.ParentRunner$3.run(ParentRunner.java:290)
	at org.junit.runners.ParentRunner$1.schedule(ParentRunner.java:71)
	at org.junit.runners.ParentRunner.runChildren(ParentRunner.java:288)
	at org.junit.runners.ParentRunner.access$000(ParentRunner.java:58)
	at org.junit.runners.ParentRunner$2.evaluate(ParentRunner.java:268)
	at org.junit.internal.runners.statements.RunBefores.evaluate(RunBefores.java:26)
	at org.junit.internal.runners.statements.RunAfters.evaluate(RunAfters.java:27)
	at org.junit.runners.ParentRunner.run(ParentRunner.java:363)
	at org.apache.maven.surefire.junit4.JUnit4TestSet.execute(JUnit4TestSet.java:53)
	at org.apache.maven.surefire.junit4.JUnit4Provider.executeTestSet(JUnit4Provider.java:123)
	at org.apache.maven.surefire.junit4.JUnit4Provider.invoke(JUnit4Provider.java:104)
	at sun.reflect.NativeMethodAccessorImpl.invoke0(Native Method)
	at sun.reflect.NativeMethodAccessorImpl.invoke(NativeMethodAccessorImpl.java:62)
	at sun.reflect.DelegatingMethodAccessorImpl.invoke(DelegatingMethodAccessorImpl.java:43)
	at java.lang.reflect.Method.invoke(Method.java:498)
	at org.apache.maven.surefire.util.ReflectionUtils.invokeMethodWithArray(ReflectionUtils.java:164)
	at org.apache.maven.surefire.booter.ProviderFactory$ProviderProxy.invoke(ProviderFactory.java:110)
	at org.apache.maven.surefire.booter.SurefireStarter.invokeProvider(SurefireStarter.java:175)
	at org.apache.maven.surefire.booter.SurefireStarter.runSuitesInProcessWhenForked(SurefireStarter.java:107)
	at org.apache.maven.surefire.booter.ForkedBooter.main(ForkedBooter.java:68)
</failure>
  </testcase>
  <testcase classname="graphbase.AdjacencyMatrixStructure.GraphAlgorithmsTest" name="testDFS_4args" time="0">
    <failure message="The test case is a prototype." type="java.lang.AssertionError">java.lang.AssertionError: The test case is a prototype.
	at org.junit.Assert.fail(Assert.java:88)
	at graphbase.AdjacencyMatrixStructure.GraphAlgorithmsTest.testDFS_4args(GraphAlgorithmsTest.java:69)
	at sun.reflect.NativeMethodAccessorImpl.invoke0(Native Method)
	at sun.reflect.NativeMethodAccessorImpl.invoke(NativeMethodAccessorImpl.java:62)
	at sun.reflect.DelegatingMethodAccessorImpl.invoke(DelegatingMethodAccessorImpl.java:43)
	at java.lang.reflect.Method.invoke(Method.java:498)
	at org.junit.runners.model.FrameworkMethod$1.runReflectiveCall(FrameworkMethod.java:50)
	at org.junit.internal.runners.model.ReflectiveCallable.run(ReflectiveCallable.java:12)
	at org.junit.runners.model.FrameworkMethod.invokeExplosively(FrameworkMethod.java:47)
	at org.junit.internal.runners.statements.InvokeMethod.evaluate(InvokeMethod.java:17)
	at org.junit.internal.runners.statements.RunBefores.evaluate(RunBefores.java:26)
	at org.junit.internal.runners.statements.RunAfters.evaluate(RunAfters.java:27)
	at org.junit.runners.ParentRunner.runLeaf(ParentRunner.java:325)
	at org.junit.runners.BlockJUnit4ClassRunner.runChild(BlockJUnit4ClassRunner.java:78)
	at org.junit.runners.BlockJUnit4ClassRunner.runChild(BlockJUnit4ClassRunner.java:57)
	at org.junit.runners.ParentRunner$3.run(ParentRunner.java:290)
	at org.junit.runners.ParentRunner$1.schedule(ParentRunner.java:71)
	at org.junit.runners.ParentRunner.runChildren(ParentRunner.java:288)
	at org.junit.runners.ParentRunner.access$000(ParentRunner.java:58)
	at org.junit.runners.ParentRunner$2.evaluate(ParentRunner.java:268)
	at org.junit.internal.runners.statements.RunBefores.evaluate(RunBefores.java:26)
	at org.junit.internal.runners.statements.RunAfters.evaluate(RunAfters.java:27)
	at org.junit.runners.ParentRunner.run(ParentRunner.java:363)
	at org.apache.maven.surefire.junit4.JUnit4TestSet.execute(JUnit4TestSet.java:53)
	at org.apache.maven.surefire.junit4.JUnit4Provider.executeTestSet(JUnit4Provider.java:123)
	at org.apache.maven.surefire.junit4.JUnit4Provider.invoke(JUnit4Provider.java:104)
	at sun.reflect.NativeMethodAccessorImpl.invoke0(Native Method)
	at sun.reflect.NativeMethodAccessorImpl.invoke(NativeMethodAccessorImpl.java:62)
	at sun.reflect.DelegatingMethodAccessorImpl.invoke(DelegatingMethodAccessorImpl.java:43)
	at java.lang.reflect.Method.invoke(Method.java:498)
	at org.apache.maven.surefire.util.ReflectionUtils.invokeMethodWithArray(ReflectionUtils.java:164)
	at org.apache.maven.surefire.booter.ProviderFactory$ProviderProxy.invoke(ProviderFactory.java:110)
	at org.apache.maven.surefire.booter.SurefireStarter.invokeProvider(SurefireStarter.java:175)
	at org.apache.maven.surefire.booter.SurefireStarter.runSuitesInProcessWhenForked(SurefireStarter.java:107)
	at org.apache.maven.surefire.booter.ForkedBooter.main(ForkedBooter.java:68)
</failure>
  </testcase>
  <testcase classname="graphbase.AdjacencyMatrixStructure.GraphAlgorithmsTest" name="testTransitiveClosure" time="0">
    <failure message="The test case is a prototype." type="java.lang.AssertionError">java.lang.AssertionError: The test case is a prototype.
	at org.junit.Assert.fail(Assert.java:88)
	at graphbase.AdjacencyMatrixStructure.GraphAlgorithmsTest.testTransitiveClosure(GraphAlgorithmsTest.java:77)
	at sun.reflect.NativeMethodAccessorImpl.invoke0(Native Method)
	at sun.reflect.NativeMethodAccessorImpl.invoke(NativeMethodAccessorImpl.java:62)
	at sun.reflect.DelegatingMethodAccessorImpl.invoke(DelegatingMethodAccessorImpl.java:43)
	at java.lang.reflect.Method.invoke(Method.java:498)
	at org.junit.runners.model.FrameworkMethod$1.runReflectiveCall(FrameworkMethod.java:50)
	at org.junit.internal.runners.model.ReflectiveCallable.run(ReflectiveCallable.java:12)
	at org.junit.runners.model.FrameworkMethod.invokeExplosively(FrameworkMethod.java:47)
	at org.junit.internal.runners.statements.InvokeMethod.evaluate(InvokeMethod.java:17)
	at org.junit.internal.runners.statements.RunBefores.evaluate(RunBefores.java:26)
	at org.junit.internal.runners.statements.RunAfters.evaluate(RunAfters.java:27)
	at org.junit.runners.ParentRunner.runLeaf(ParentRunner.java:325)
	at org.junit.runners.BlockJUnit4ClassRunner.runChild(BlockJUnit4ClassRunner.java:78)
	at org.junit.runners.BlockJUnit4ClassRunner.runChild(BlockJUnit4ClassRunner.java:57)
	at org.junit.runners.ParentRunner$3.run(ParentRunner.java:290)
	at org.junit.runners.ParentRunner$1.schedule(ParentRunner.java:71)
	at org.junit.runners.ParentRunner.runChildren(ParentRunner.java:288)
	at org.junit.runners.ParentRunner.access$000(ParentRunner.java:58)
	at org.junit.runners.ParentRunner$2.evaluate(ParentRunner.java:268)
	at org.junit.internal.runners.statements.RunBefores.evaluate(RunBefores.java:26)
	at org.junit.internal.runners.statements.RunAfters.evaluate(RunAfters.java:27)
	at org.junit.runners.ParentRunner.run(ParentRunner.java:363)
	at org.apache.maven.surefire.junit4.JUnit4TestSet.execute(JUnit4TestSet.java:53)
	at org.apache.maven.surefire.junit4.JUnit4Provider.executeTestSet(JUnit4Provider.java:123)
	at org.apache.maven.surefire.junit4.JUnit4Provider.invoke(JUnit4Provider.java:104)
	at sun.reflect.NativeMethodAccessorImpl.invoke0(Native Method)
	at sun.reflect.NativeMethodAccessorImpl.invoke(NativeMethodAccessorImpl.java:62)
	at sun.reflect.DelegatingMethodAccessorImpl.invoke(DelegatingMethodAccessorImpl.java:43)
	at java.lang.reflect.Method.invoke(Method.java:498)
	at org.apache.maven.surefire.util.ReflectionUtils.invokeMethodWithArray(ReflectionUtils.java:164)
	at org.apache.maven.surefire.booter.ProviderFactory$ProviderProxy.invoke(ProviderFactory.java:110)
	at org.apache.maven.surefire.booter.SurefireStarter.invokeProvider(SurefireStarter.java:175)
	at org.apache.maven.surefire.booter.SurefireStarter.runSuitesInProcessWhenForked(SurefireStarter.java:107)
	at org.apache.maven.surefire.booter.ForkedBooter.main(ForkedBooter.java:68)
</failure>
  </testcase>
</testsuite>